[33m
ðŸ --- Starting compilation and setup phase. Hold tight... ------------------------
[0m
[33m
ðŸ --- Compiling wasp project... --------------------------------------------------
[0m
[33m
âœ… --- Successfully completed npm install. ----------------------------------------
[0m
[33m
ðŸ --- Setting up database... -----------------------------------------------------
[0m
[33m
âœ… --- Database successfully set up. ----------------------------------------------
[0m
[33m
ðŸ --- Building SDK... ------------------------------------------------------------
[0m
[33m
âœ… --- SDK built successfully. ----------------------------------------------------
[0m
[33m
âœ… --- Your wasp project has successfully compiled. -------------------------------
[0m
[33m
ðŸ --- Listening for file changes... ----------------------------------------------
[0m
[33m
ðŸ --- Starting up generated project... -------------------------------------------
[0m

[35m[[0m [35mServer[0m [35m][0m > server@0.0.0 watch
[35m[[0m [35mServer[0m [35m][0m > nodemon --exec 'npm run bundle-and-start || exit 1'
[35m[[0m [35mServer[0m [35m][0m 
[36m[[0m [36mClient[0m [36m][0m > OpenSaaS@0.0.0 start
[36m[[0m [36mClient[0m [36m][0m > vite
[36m[[0m [36mClient[0m [36m][0m 
[35m[[0m [35mServer[0m [35m][0m [33m[nodemon] 2.0.22[39m
[35m[[0m [35mServer[0m [35m][0m [33m[nodemon] to restart at any time, enter `rs`[39m
[35m[[0m [35mServer[0m [35m][0m [33m[nodemon] watching path(s): src/**/* ../../../src/**/* .env[39m
[35m[[0m [35mServer[0m [35m][0m [33m[nodemon] watching extensions: ts,mts,js,mjs,json[39m
[35m[[0m [35mServer[0m [35m][0m [32m[nodemon] starting `npm run bundle-and-start || exit 1`[39m
[35m[[0m [35mServer[0m [35m][0m 
[35m[[0m [35mServer[0m [35m][0m > server@0.0.0 bundle-and-start
[35m[[0m [35mServer[0m [35m][0m > npm run bundle && npm run start
[35m[[0m [35mServer[0m [35m][0m 
[36m[[0m [36mClient[0m [36m][0m 
[36m[[0m [36mClient[0m [36m][0m   VITE v7.0.5  ready in 788 ms
[36m[[0m [36mClient[0m [36m][0m 
[36m[[0m [36mClient[0m [36m][0m   âžœ  Local:   http://localhost:3000/
[36m[[0m [36mClient[0m [36m][0m   âžœ  Network: http://192.0.0.2:3000/
[36m[[0m [36mClient[0m [36m][0m   âžœ  press h + enter to show help
[35m[[0m [35mServer[0m [35m][0m 
[35m[[0m [35mServer[0m [35m][0m > server@0.0.0 bundle
[35m[[0m [35mServer[0m [35m][0m > rollup --config --silent
[35m[[0m [35mServer[0m [35m][0m 
[35m[[0m [35mServer[0m [35m][0m 
[35m[[0m [35mServer[0m [35m][0m > server@0.0.0 start
[35m[[0m [35mServer[0m [35m][0m > node --enable-source-maps -r dotenv/config bundle/server.js
[35m[[0m [35mServer[0m [35m][0m 
[35m[[0m [35mServer[0m [35m][0m ðŸš€ "Google" auth initialized
[35m[[0m [35mServer[0m [35m][0m ðŸš€ "Email and password" auth initialized
[35m[[0m [35mServer[0m [35m][0m Starting pg-boss...
[35m[[0m [35mServer[0m [35m][0m pg-boss started!
[35m[[0m [35mServer[0m [35m][0m Server listening on port 3001
[35m[[0m [35mServer[0m [35m][0m [0mGET /auth/me [33m401[0m 9.427 ms - 43[0m